<?xml version="1.0" encoding="UTF-8"?>
<!-- Generated by org.testng.reporters.JUnitReportReporter -->
<testsuite skipped="0" hostname="LAPTOP-BADPNLSG" name="Excel_Login_Demo.Login_Excel" tests="1" failures="0" timestamp="18 May 2020 05:58:09 GMT" time="27.203" errors="0">
  <testcase name="f" time="27.203" classname="Excel_Login_Demo.Login_Excel"/>
</testsuite> <!-- Excel_Login_Demo.Login_Excel -->
