<?xml version="1.0" encoding="UTF-8"?>
<!-- Generated by org.testng.reporters.JUnitReportReporter -->
<testsuite skipped="0" hostname="LAPTOP-BADPNLSG" name="Excel_Login_Demo.Excel_test" tests="2" failures="0" timestamp="12 May 2020 08:05:34 GMT" time="47.381" errors="0">
  <testcase name="f" time="24.731" classname="Excel_Login_Demo.Excel_test"/>
  <testcase name="f" time="22.650" classname="Excel_Login_Demo.Excel_test"/>
</testsuite> <!-- Excel_Login_Demo.Excel_test -->
