<?xml version="1.0" encoding="UTF-8"?>
<!-- Generated by org.testng.reporters.JUnitReportReporter -->
<testsuite skipped="0" hostname="LAPTOP-BADPNLSG" name="Excel_Login_Demo.Login_Multiple_rows" tests="2" failures="0" timestamp="11 May 2020 11:21:34 GMT" time="49.556" errors="0">
  <testcase name="f" time="24.876" classname="Excel_Login_Demo.Login_Multiple_rows"/>
  <testcase name="f" time="24.680" classname="Excel_Login_Demo.Login_Multiple_rows"/>
</testsuite> <!-- Excel_Login_Demo.Login_Multiple_rows -->
