<?xml version="1.0" encoding="UTF-8"?>
<!-- Generated by org.testng.reporters.JUnitReportReporter -->
<testsuite skipped="0" hostname="LAPTOP-BADPNLSG" name="Excel_Login_Demo.Login_Multiple" tests="5" failures="0" timestamp="18 May 2020 05:58:09 GMT" time="158.125" errors="0">
  <testcase name="f" time="40.692" classname="Excel_Login_Demo.Login_Multiple"/>
  <testcase name="f" time="29.421" classname="Excel_Login_Demo.Login_Multiple"/>
  <testcase name="f" time="24.662" classname="Excel_Login_Demo.Login_Multiple"/>
  <testcase name="f" time="37.277" classname="Excel_Login_Demo.Login_Multiple"/>
  <testcase name="f" time="26.073" classname="Excel_Login_Demo.Login_Multiple"/>
</testsuite> <!-- Excel_Login_Demo.Login_Multiple -->
